c:\users\rfoster\documents\2024neumontclasses\c++2\gameengine-c++2\bin\engine\debug\engine.pdb
c:\users\rfoster\documents\2024neumontclasses\c++2\gameengine-c++2\bin\engine\debug\engine.idb
c:\users\rfoster\documents\2024neumontclasses\c++2\gameengine-c++2\temp\engine\debug\texture.obj
c:\users\rfoster\documents\2024neumontclasses\c++2\gameengine-c++2\temp\engine\debug\text.obj
c:\users\rfoster\documents\2024neumontclasses\c++2\gameengine-c++2\temp\engine\debug\renderer.obj
c:\users\rfoster\documents\2024neumontclasses\c++2\gameengine-c++2\temp\engine\debug\particlesystem.obj
c:\users\rfoster\documents\2024neumontclasses\c++2\gameengine-c++2\temp\engine\debug\particle.obj
c:\users\rfoster\documents\2024neumontclasses\c++2\gameengine-c++2\temp\engine\debug\model.obj
c:\users\rfoster\documents\2024neumontclasses\c++2\gameengine-c++2\temp\engine\debug\font.obj
c:\users\rfoster\documents\2024neumontclasses\c++2\gameengine-c++2\temp\engine\debug\input.obj
c:\users\rfoster\documents\2024neumontclasses\c++2\gameengine-c++2\temp\engine\debug\scene.obj
c:\users\rfoster\documents\2024neumontclasses\c++2\gameengine-c++2\temp\engine\debug\actor.obj
c:\users\rfoster\documents\2024neumontclasses\c++2\gameengine-c++2\temp\engine\debug\engine.obj
c:\users\rfoster\documents\2024neumontclasses\c++2\gameengine-c++2\temp\engine\debug\etimer.obj
c:\users\rfoster\documents\2024neumontclasses\c++2\gameengine-c++2\temp\engine\debug\efile.obj
c:\users\rfoster\documents\2024neumontclasses\c++2\gameengine-c++2\temp\engine\debug\eassert.obj
c:\users\rfoster\documents\2024neumontclasses\c++2\gameengine-c++2\temp\engine\debug\texturecomponent.obj
c:\users\rfoster\documents\2024neumontclasses\c++2\gameengine-c++2\temp\engine\debug\audio.obj
c:\users\rfoster\documents\2024neumontclasses\c++2\gameengine-c++2\bin\engine\debug\engine.lib
c:\users\rfoster\documents\2024neumontclasses\c++2\gameengine-c++2\bin\engine\\debug\engine.pdb
c:\users\rfoster\documents\2024neumontclasses\c++2\gameengine-c++2\temp\engine\\debug\engine.vcxproj.filelistabsolute.txt
c:\users\rfoster\documents\2024neumontclasses\c++2\gameengine-c++2\temp\engine\debug\engine.tlog\cl.command.1.tlog
c:\users\rfoster\documents\2024neumontclasses\c++2\gameengine-c++2\temp\engine\debug\engine.tlog\cl.items.tlog
c:\users\rfoster\documents\2024neumontclasses\c++2\gameengine-c++2\temp\engine\debug\engine.tlog\cl.read.1.tlog
c:\users\rfoster\documents\2024neumontclasses\c++2\gameengine-c++2\temp\engine\debug\engine.tlog\cl.write.1.tlog
c:\users\rfoster\documents\2024neumontclasses\c++2\gameengine-c++2\temp\engine\debug\engine.tlog\lib-link.read.1.tlog
c:\users\rfoster\documents\2024neumontclasses\c++2\gameengine-c++2\temp\engine\debug\engine.tlog\lib-link.write.1.tlog
c:\users\rfoster\documents\2024neumontclasses\c++2\gameengine-c++2\temp\engine\debug\engine.tlog\lib.command.1.tlog
